{"label":"swapi","level":"info","message":"Checking database connection...","timestamp":"2021-09-28T15:07:54.368Z"}
{"label":"swapi","level":"info","message":"Worker 79516 started","timestamp":"2021-09-28T15:07:54.773Z"}
{"label":"swapi","level":"info","message":"Server started on Port 9000 in development mode.","timestamp":"2021-09-28T15:07:54.791Z"}
{"label":"swapi","level":"info","message":"Worker 74268 started","timestamp":"2021-09-28T15:08:31.467Z"}
{"label":"swapi","level":"info","message":"Server started on Port 9000 in development mode.","timestamp":"2021-09-28T15:08:31.497Z"}
{"label":"swapi","level":"info","message":"Worker 54232 started","timestamp":"2021-09-28T15:09:28.070Z"}
{"label":"swapi","level":"info","message":"Server started on Port 9000 in development mode.","timestamp":"2021-09-28T15:09:28.113Z"}
{"label":"swapi","level":"info","message":"Worker 78152 started","timestamp":"2021-09-28T15:13:11.734Z"}
{"label":"swapi","level":"info","message":"Server started on Port 9000 in development mode.","timestamp":"2021-09-28T15:13:11.742Z"}
{"label":"swapi","level":"info","message":"Worker 18884 started","timestamp":"2021-09-28T15:16:48.354Z"}
{"label":"swapi","level":"info","message":"Server started on Port 8888 in development mode.","timestamp":"2021-09-28T15:16:48.391Z"}
{"label":"swapi","level":"info","message":"Worker 24756 started","timestamp":"2021-09-28T16:36:55.493Z"}
{"label":"swapi","level":"info","message":"Server started on Port 8888 in development mode.","timestamp":"2021-09-28T16:36:55.514Z"}
{"label":"swapi","level":"info","message":"Worker 25824 started","timestamp":"2021-09-28T16:53:04.461Z"}
{"label":"swapi","level":"info","message":"Server started on Port 8888 in development mode.","timestamp":"2021-09-28T16:53:04.476Z"}
{"label":"swapi","level":"info","message":"Worker 33664 started","timestamp":"2021-09-29T06:50:10.986Z"}
{"label":"swapi","level":"info","message":"Server started on Port 8888 in development mode.","timestamp":"2021-09-29T06:50:11.011Z"}
{"label":"swapi","level":"info","message":"Worker 30752 started","timestamp":"2021-09-29T06:51:23.346Z"}
{"label":"swapi","level":"info","message":"Server started on Port 8888 in development mode.","timestamp":"2021-09-29T06:51:23.369Z"}
{"label":"swapi","level":"info","message":"Worker 30072 started","timestamp":"2021-09-29T06:52:26.614Z"}
{"label":"swapi","level":"info","message":"Server started on Port 8888 in development mode.","timestamp":"2021-09-29T06:52:26.647Z"}
{"label":"swapi","level":"info","message":"Worker 15388 started","timestamp":"2021-09-29T06:52:39.492Z"}
{"label":"swapi","level":"info","message":"Server started on Port 8888 in development mode.","timestamp":"2021-09-29T06:52:39.509Z"}
{"label":"swapi","level":"info","message":"Worker 5444 started","timestamp":"2021-09-29T06:53:22.087Z"}
{"label":"swapi","level":"info","message":"Server started on Port 8888 in development mode.","timestamp":"2021-09-29T06:53:22.106Z"}
{"label":"swapi","level":"info","message":"Worker 9616 started","timestamp":"2021-09-29T06:53:31.476Z"}
{"label":"swapi","level":"info","message":"Server started on Port 8888 in development mode.","timestamp":"2021-09-29T06:53:31.492Z"}
{"label":"swapi","level":"info","message":"Worker 14096 started","timestamp":"2021-09-29T06:54:01.084Z"}
{"label":"swapi","level":"info","message":"Server started on Port 8888 in development mode.","timestamp":"2021-09-29T06:54:01.101Z"}
{"label":"swapi","level":"info","message":"Worker 28832 started","timestamp":"2021-09-29T06:54:55.464Z"}
{"label":"swapi","level":"info","message":"Server started on Port 8888 in development mode.","timestamp":"2021-09-29T06:54:55.485Z"}
{"label":"swapi","level":"info","message":"Worker 28372 started","timestamp":"2021-09-29T06:55:09.395Z"}
{"label":"swapi","level":"info","message":"Server started on Port 8888 in development mode.","timestamp":"2021-09-29T06:55:09.412Z"}
{"label":"swapi","level":"info","message":"Worker 31584 started","timestamp":"2021-09-29T06:55:22.618Z"}
{"label":"swapi","level":"info","message":"Server started on Port 8888 in development mode.","timestamp":"2021-09-29T06:55:22.638Z"}
{"label":"swapi","level":"info","message":"Worker 26912 started","timestamp":"2021-09-29T06:55:32.422Z"}
{"label":"swapi","level":"info","message":"Server started on Port 8888 in development mode.","timestamp":"2021-09-29T06:55:32.445Z"}
{"label":"swapi","level":"info","message":"Worker 28788 started","timestamp":"2021-09-29T06:55:59.814Z"}
{"label":"swapi","level":"info","message":"Server started on Port 8888 in development mode.","timestamp":"2021-09-29T06:55:59.834Z"}
{"label":"swapi","level":"info","message":"Worker 31840 started","timestamp":"2021-09-29T06:57:23.631Z"}
{"label":"swapi","level":"info","message":"Server started on Port 8888 in development mode.","timestamp":"2021-09-29T06:57:23.646Z"}
{"label":"swapi","level":"info","message":"Worker 18364 started","timestamp":"2021-09-29T07:49:54.474Z"}
{"label":"swapi","level":"info","message":"Server started on Port 8888 in development mode.","timestamp":"2021-09-29T07:49:54.478Z"}
{"label":"swapi","level":"info","message":"Worker 9892 started","timestamp":"2021-09-29T07:52:03.879Z"}
{"label":"swapi","level":"info","message":"Server started on Port 8888 in development mode.","timestamp":"2021-09-29T07:52:03.882Z"}
{"label":"swapi","level":"info","message":"Worker 8904 started","timestamp":"2021-09-29T09:52:30.371Z"}
{"label":"swapi","level":"info","message":"Server started on Port 3000 in development mode.","timestamp":"2021-09-29T09:52:30.381Z"}
{"label":"swapi","level":"info","message":"Worker 15444 started","timestamp":"2021-09-29T10:35:50.052Z"}
{"label":"swapi","level":"info","message":"Server started on Port 3000 in development mode.","timestamp":"2021-09-29T10:35:50.055Z"}
{"label":"swapi","level":"info","message":"Worker 11148 started","timestamp":"2021-09-29T10:39:27.037Z"}
{"label":"swapi","level":"info","message":"Server started on Port 3000 in development mode.","timestamp":"2021-09-29T10:39:27.039Z"}
{"label":"swapi","level":"info","message":"Worker 33624 started","timestamp":"2021-09-29T10:39:51.624Z"}
{"label":"swapi","level":"info","message":"Server started on Port 3000 in development mode.","timestamp":"2021-09-29T10:39:51.626Z"}
{"label":"swapi","level":"info","message":"Worker 31900 started","timestamp":"2021-09-29T10:47:37.297Z"}
{"label":"swapi","level":"info","message":"Server started on Port 3000 in development mode.","timestamp":"2021-09-29T10:47:37.299Z"}
{"label":"swapi","level":"info","message":"Worker 26652 started","timestamp":"2021-09-29T10:50:42.274Z"}
{"label":"swapi","level":"info","message":"Server started on Port 3000 in development mode.","timestamp":"2021-09-29T10:50:42.276Z"}
{"label":"swapi","level":"info","message":"Worker 29784 started","timestamp":"2021-09-29T11:11:06.518Z"}
{"label":"swapi","level":"info","message":"Server started on Port 3000 in development mode.","timestamp":"2021-09-29T11:11:06.521Z"}
{"label":"swapi","level":"info","message":"Worker 28588 started","timestamp":"2021-09-29T11:11:35.245Z"}
{"label":"swapi","level":"info","message":"Server started on Port 3000 in development mode.","timestamp":"2021-09-29T11:11:35.248Z"}
{"label":"swapi","level":"info","message":"Worker 33472 started","timestamp":"2021-09-29T11:12:06.686Z"}
{"label":"swapi","level":"info","message":"Server started on Port 3000 in development mode.","timestamp":"2021-09-29T11:12:06.689Z"}
{"label":"swapi","level":"info","message":"Worker 29608 started","timestamp":"2021-09-29T11:18:44.331Z"}
{"label":"swapi","level":"info","message":"Server started on Port 3000 in development mode.","timestamp":"2021-09-29T11:18:44.336Z"}
{"label":"swapi","level":"info","message":"Worker 34636 started","timestamp":"2021-09-29T11:33:21.318Z"}
{"label":"swapi","level":"info","message":"Server started on Port 3000 in development mode.","timestamp":"2021-09-29T11:33:21.323Z"}
{"label":"swapi","level":"info","message":"Worker 28400 started","timestamp":"2021-09-29T11:48:52.939Z"}
{"label":"swapi","level":"info","message":"Server started on Port 3000 in development mode.","timestamp":"2021-09-29T11:48:52.973Z"}
{"label":"swapi","level":"info","message":"Worker 16260 started","timestamp":"2021-09-29T12:07:25.854Z"}
{"label":"swapi","level":"info","message":"Server started on Port 3000 in development mode.","timestamp":"2021-09-29T12:07:25.868Z"}
{"label":"swapi","level":"error","message":"undefined","timestamp":"2021-09-29T12:08:34.308Z"}
{"label":"swapi","level":"info","message":"Worker 37200 started","timestamp":"2021-09-29T12:10:03.495Z"}
{"label":"swapi","level":"info","message":"Server started on Port 3000 in development mode.","timestamp":"2021-09-29T12:10:03.502Z"}
{"label":"swapi","level":"info","message":"Worker 33360 started","timestamp":"2021-09-29T12:15:19.567Z"}
{"label":"swapi","level":"info","message":"Server started on Port 3000 in development mode.","timestamp":"2021-09-29T12:15:19.596Z"}
{"label":"swapi","level":"info","message":"Worker 33424 started","timestamp":"2021-09-29T12:15:27.150Z"}
{"label":"swapi","level":"info","message":"Server started on Port 3000 in development mode.","timestamp":"2021-09-29T12:15:27.166Z"}
{"label":"swapi","level":"info","message":"Worker 32960 started","timestamp":"2021-09-29T12:17:13.304Z"}
{"label":"swapi","level":"info","message":"Server started on Port 3000 in development mode.","timestamp":"2021-09-29T12:17:13.321Z"}
{"label":"swapi","level":"info","message":"Worker 31876 started","timestamp":"2021-09-29T12:17:24.142Z"}
{"label":"swapi","level":"info","message":"Server started on Port 3000 in development mode.","timestamp":"2021-09-29T12:17:24.158Z"}
{"label":"swapi","level":"info","message":"Worker 33384 started","timestamp":"2021-09-29T12:17:35.748Z"}
{"label":"swapi","level":"info","message":"Server started on Port 3000 in development mode.","timestamp":"2021-09-29T12:17:35.761Z"}
{"label":"swapi","level":"info","message":"Worker 36432 started","timestamp":"2021-09-29T12:18:20.044Z"}
{"label":"swapi","level":"info","message":"Server started on Port 3000 in development mode.","timestamp":"2021-09-29T12:18:20.060Z"}
{"label":"swapi","level":"info","message":"Worker 33228 started","timestamp":"2021-09-29T12:19:15.129Z"}
{"label":"swapi","level":"info","message":"Server started on Port 3000 in development mode.","timestamp":"2021-09-29T12:19:15.146Z"}
{"label":"swapi","level":"info","message":"Worker 35428 started","timestamp":"2021-09-29T12:20:25.076Z"}
{"label":"swapi","level":"info","message":"Server started on Port 3000 in development mode.","timestamp":"2021-09-29T12:20:25.093Z"}
{"label":"swapi","level":"info","message":"Worker 36096 started","timestamp":"2021-09-29T12:20:30.906Z"}
{"label":"swapi","level":"info","message":"Server started on Port 3000 in development mode.","timestamp":"2021-09-29T12:20:30.910Z"}
{"label":"swapi","level":"info","message":"Worker 32636 started","timestamp":"2021-09-29T12:21:17.755Z"}
{"label":"swapi","level":"info","message":"Server started on Port 3000 in development mode.","timestamp":"2021-09-29T12:21:17.775Z"}
{"label":"swapi","level":"info","message":"Worker 33216 started","timestamp":"2021-09-29T12:21:30.585Z"}
{"label":"swapi","level":"info","message":"Server started on Port 3000 in development mode.","timestamp":"2021-09-29T12:21:30.601Z"}
{"label":"swapi","level":"info","message":"Worker 35672 started","timestamp":"2021-09-29T12:22:14.469Z"}
{"label":"swapi","level":"info","message":"Server started on Port 3000 in development mode.","timestamp":"2021-09-29T12:22:14.490Z"}
{"label":"swapi","level":"info","message":"Worker 32812 started","timestamp":"2021-09-29T12:22:51.071Z"}
{"label":"swapi","level":"info","message":"Server started on Port 3000 in development mode.","timestamp":"2021-09-29T12:22:51.084Z"}
{"label":"swapi","level":"info","message":"Worker 15936 started","timestamp":"2021-09-29T12:23:00.643Z"}
{"label":"swapi","level":"info","message":"Server started on Port 3000 in development mode.","timestamp":"2021-09-29T12:23:00.656Z"}
{"label":"swapi","level":"info","message":"Worker 37436 started","timestamp":"2021-09-29T12:23:09.242Z"}
{"label":"swapi","level":"info","message":"Server started on Port 3000 in development mode.","timestamp":"2021-09-29T12:23:09.256Z"}
{"label":"swapi","level":"info","message":"Worker 31716 started","timestamp":"2021-09-29T12:24:42.014Z"}
{"label":"swapi","level":"info","message":"Server started on Port 3000 in development mode.","timestamp":"2021-09-29T12:24:42.028Z"}
{"label":"swapi","level":"info","message":"Worker 38844 started","timestamp":"2021-09-29T13:00:02.200Z"}
{"label":"swapi","level":"info","message":"Server started on Port 3000 in development mode.","timestamp":"2021-09-29T13:00:02.203Z"}
{"label":"swapi","level":"info","message":"Worker 38460 started","timestamp":"2021-09-29T13:15:14.942Z"}
{"label":"swapi","level":"info","message":"Server Started On Port 3000 In development Mode.","timestamp":"2021-09-29T13:15:14.959Z"}
{"label":"swapi","level":"info","message":"Worker 37180 started","timestamp":"2021-09-29T18:28:24.630Z"}
{"label":"swapi","level":"info","message":"Server Started On Port 3000 In development Mode.","timestamp":"2021-09-29T18:28:24.645Z"}
{"label":"swapi","level":"info","message":"Worker 45432 started","timestamp":"2021-09-29T18:39:50.862Z"}
{"label":"swapi","level":"info","message":"Server Started On Port 3000 In development Mode.","timestamp":"2021-09-29T18:39:50.886Z"}
{"label":"swapi","level":"info","message":"Worker 41532 started","timestamp":"2021-10-28T11:43:13.747Z"}
{"label":"swapi","level":"info","message":"Server Started On Port 3000 In development Mode.","timestamp":"2021-10-28T11:43:13.758Z"}
{"label":"swapi","level":"info","message":"Worker 6960 started","timestamp":"2021-11-06T11:06:02.760Z"}
{"label":"swapi","level":"info","message":"Server Started On Port 3000 In development Mode.","timestamp":"2021-11-06T11:06:02.778Z"}
{"label":"swapi","level":"info","message":"Worker 88676 started","timestamp":"2021-11-06T11:16:05.708Z"}
{"label":"swapi","level":"info","message":"Server Started On Port 3000 In development Mode.","timestamp":"2021-11-06T11:16:05.720Z"}
{"label":"swapi","level":"info","message":"Worker 63748 started","timestamp":"2021-11-06T11:16:19.092Z"}
{"label":"swapi","level":"info","message":"Server Started On Port 3000 In development Mode.","timestamp":"2021-11-06T11:16:19.104Z"}
{"label":"swapi","level":"info","message":"Worker 69700 started","timestamp":"2021-11-06T11:16:27.051Z"}
{"label":"swapi","level":"info","message":"Server Started On Port 3000 In development Mode.","timestamp":"2021-11-06T11:16:27.066Z"}
{"label":"swapi","level":"info","message":"Worker 51540 started","timestamp":"2021-11-06T11:17:07.968Z"}
{"label":"swapi","level":"info","message":"Server Started On Port 3000 In development Mode.","timestamp":"2021-11-06T11:17:07.978Z"}
{"label":"swapi","level":"info","message":"Worker 90576 started","timestamp":"2021-11-06T11:17:19.140Z"}
{"label":"swapi","level":"info","message":"Server Started On Port 3000 In development Mode.","timestamp":"2021-11-06T11:17:19.150Z"}
{"label":"swapi","level":"info","message":"Worker 95568 started","timestamp":"2021-11-06T11:17:27.769Z"}
{"label":"swapi","level":"info","message":"Worker 40800 started","timestamp":"2021-11-06T11:17:30.796Z"}
{"label":"swapi","level":"info","message":"Server Started On Port 3000 In development Mode.","timestamp":"2021-11-06T11:17:30.808Z"}
{"label":"swapi","level":"info","message":"Worker 35296 started","timestamp":"2021-11-06T11:17:44.113Z"}
{"label":"swapi","level":"info","message":"Server Started On Port 3000 In development Mode.","timestamp":"2021-11-06T11:17:44.125Z"}
{"label":"swapi","level":"info","message":"Worker 65688 started","timestamp":"2021-11-06T11:18:41.037Z"}
{"label":"swapi","level":"info","message":"Server Started On Port 3000 In development Mode.","timestamp":"2021-11-06T11:18:41.049Z"}
{"label":"swapi","level":"info","message":"Worker 66488 started","timestamp":"2021-11-06T11:35:27.227Z"}
{"label":"swapi","level":"info","message":"Server Started On Port 3000 In development Mode.","timestamp":"2021-11-06T11:35:27.241Z"}
{"label":"swapi","level":"info","message":"Worker 79084 started","timestamp":"2021-11-06T11:35:30.195Z"}
{"label":"swapi","level":"info","message":"Server Started On Port 3000 In development Mode.","timestamp":"2021-11-06T11:35:30.206Z"}
{"label":"swapi","level":"info","message":"Worker 89636 started","timestamp":"2021-11-06T11:36:50.218Z"}
{"label":"swapi","level":"info","message":"Server Started On Port 3000 In development Mode.","timestamp":"2021-11-06T11:36:50.231Z"}
{"label":"swapi","level":"info","message":"Worker 5316 started","timestamp":"2021-11-06T12:28:47.734Z"}
{"label":"swapi","level":"info","message":"Server Started On Port 3000 In development Mode.","timestamp":"2021-11-06T12:28:47.747Z"}
{"label":"swapi","level":"info","message":"Worker 82484 started","timestamp":"2021-11-06T12:28:59.848Z"}
{"label":"swapi","level":"info","message":"Server Started On Port 3000 In development Mode.","timestamp":"2021-11-06T12:28:59.861Z"}
{"label":"swapi","level":"info","message":"Worker 89352 started","timestamp":"2021-11-06T12:29:51.005Z"}
{"label":"swapi","level":"info","message":"Server Started On Port 3000 In development Mode.","timestamp":"2021-11-06T12:29:51.024Z"}
{"label":"swapi","level":"info","message":"Worker 93084 started","timestamp":"2021-11-06T12:30:19.217Z"}
{"label":"swapi","level":"info","message":"Server Started On Port 3000 In development Mode.","timestamp":"2021-11-06T12:30:19.229Z"}
{"label":"swapi","level":"info","message":"Worker 30388 started","timestamp":"2021-11-06T23:43:08.166Z"}
{"label":"swapi","level":"info","message":"Server Started On Port 3000 In development Mode.","timestamp":"2021-11-06T23:43:08.178Z"}
{"label":"swapi","level":"info","message":"Worker 65332 started","timestamp":"2021-11-06T23:49:11.148Z"}
{"label":"swapi","level":"info","message":"Server Started On Port 3000 In development Mode.","timestamp":"2021-11-06T23:49:11.153Z"}
{"label":"swapi","level":"info","message":"Worker 63852 started","timestamp":"2021-11-06T23:49:18.351Z"}
{"label":"swapi","level":"info","message":"Server Started On Port 3000 In development Mode.","timestamp":"2021-11-06T23:49:18.363Z"}
{"label":"swapi","level":"info","message":"Worker 9896 started","timestamp":"2021-11-06T23:54:44.207Z"}
{"label":"swapi","level":"info","message":"Server Started On Port 3000 In development Mode.","timestamp":"2021-11-06T23:54:44.217Z"}
{"label":"swapi","level":"info","message":"Worker 85216 started","timestamp":"2021-11-06T23:55:21.650Z"}
{"label":"swapi","level":"info","message":"Server Started On Port 3000 In development Mode.","timestamp":"2021-11-06T23:55:21.663Z"}
{"label":"swapi","level":"info","message":"Worker 21036 started","timestamp":"2021-11-06T23:56:16.980Z"}
{"label":"swapi","level":"info","message":"Server Started On Port 3000 In development Mode.","timestamp":"2021-11-06T23:56:16.996Z"}
{"label":"swapi","level":"info","message":"Worker 91068 started","timestamp":"2021-11-06T23:56:27.285Z"}
{"label":"swapi","level":"info","message":"Server Started On Port 3000 In development Mode.","timestamp":"2021-11-06T23:56:27.296Z"}
{"label":"swapi","level":"info","message":"Worker 68308 started","timestamp":"2021-11-06T23:57:05.934Z"}
{"label":"swapi","level":"info","message":"Server Started On Port 3000 In development Mode.","timestamp":"2021-11-06T23:57:05.947Z"}
{"label":"swapi","level":"info","message":"Worker 84644 started","timestamp":"2021-11-06T23:59:22.111Z"}
{"label":"swapi","level":"info","message":"Server Started On Port 3000 In development Mode.","timestamp":"2021-11-06T23:59:22.124Z"}
{"label":"swapi","level":"info","message":"Worker 14132 started","timestamp":"2021-11-06T23:59:25.187Z"}
{"label":"swapi","level":"info","message":"Server Started On Port 3000 In development Mode.","timestamp":"2021-11-06T23:59:25.189Z"}
{"label":"swapi","level":"info","message":"Worker 60360 started","timestamp":"2021-11-06T23:59:45.430Z"}
{"label":"swapi","level":"info","message":"Server Started On Port 3000 In development Mode.","timestamp":"2021-11-06T23:59:45.442Z"}
{"label":"swapi","level":"info","message":"Worker 79500 started","timestamp":"2021-11-06T23:59:50.157Z"}
{"label":"swapi","level":"info","message":"Server Started On Port 3000 In development Mode.","timestamp":"2021-11-06T23:59:50.171Z"}
{"label":"swapi","level":"info","message":"Worker 73352 started","timestamp":"2021-11-07T00:00:04.411Z"}
{"label":"swapi","level":"info","message":"Server Started On Port 3000 In development Mode.","timestamp":"2021-11-07T00:00:04.424Z"}
{"label":"swapi","level":"info","message":"Worker 56940 started","timestamp":"2021-11-07T00:00:25.111Z"}
{"label":"swapi","level":"info","message":"Server Started On Port 3000 In development Mode.","timestamp":"2021-11-07T00:00:25.124Z"}
{"label":"swapi","level":"info","message":"Worker 85720 started","timestamp":"2021-11-07T00:00:28.213Z"}
{"label":"swapi","level":"info","message":"Server Started On Port 3000 In development Mode.","timestamp":"2021-11-07T00:00:28.215Z"}
{"label":"swapi","level":"info","message":"Worker 78836 started","timestamp":"2021-11-07T00:01:11.282Z"}
{"label":"swapi","level":"info","message":"Server Started On Port 3000 In development Mode.","timestamp":"2021-11-07T00:01:11.295Z"}
{"label":"swapi","level":"info","message":"Worker 72300 started","timestamp":"2021-11-07T00:01:38.341Z"}
{"label":"swapi","level":"info","message":"Server Started On Port 3000 In development Mode.","timestamp":"2021-11-07T00:01:38.353Z"}
{"label":"swapi","level":"info","message":"Worker 84172 started","timestamp":"2021-11-07T00:01:44.345Z"}
{"label":"swapi","level":"info","message":"Server Started On Port 3000 In development Mode.","timestamp":"2021-11-07T00:01:44.360Z"}
{"label":"swapi","level":"info","message":"Worker 89832 started","timestamp":"2021-11-07T00:01:56.929Z"}
{"label":"swapi","level":"info","message":"Server Started On Port 3000 In development Mode.","timestamp":"2021-11-07T00:01:56.941Z"}
{"label":"swapi","level":"info","message":"Worker 88420 started","timestamp":"2021-11-07T00:02:31.237Z"}
{"label":"swapi","level":"info","message":"Server Started On Port 3000 In development Mode.","timestamp":"2021-11-07T00:02:31.248Z"}
{"label":"swapi","level":"info","message":"Worker 91068 started","timestamp":"2021-11-07T00:02:47.589Z"}
{"label":"swapi","level":"info","message":"Server Started On Port 3000 In development Mode.","timestamp":"2021-11-07T00:02:47.601Z"}
{"label":"swapi","level":"info","message":"Worker 57676 started","timestamp":"2021-11-07T00:03:22.442Z"}
{"label":"swapi","level":"info","message":"Server Started On Port 3000 In development Mode.","timestamp":"2021-11-07T00:03:22.455Z"}
{"label":"swapi","level":"info","message":"Worker 51488 started","timestamp":"2021-11-07T00:03:30.596Z"}
{"label":"swapi","level":"info","message":"Server Started On Port 3000 In development Mode.","timestamp":"2021-11-07T00:03:30.610Z"}
{"label":"swapi","level":"info","message":"Worker 89256 started","timestamp":"2021-11-07T00:04:40.850Z"}
{"label":"swapi","level":"info","message":"Server Started On Port 3000 In development Mode.","timestamp":"2021-11-07T00:04:40.861Z"}
{"label":"swapi","level":"info","message":"Worker 45880 started","timestamp":"2021-11-07T00:04:47.216Z"}
{"label":"swapi","level":"info","message":"Server Started On Port 3000 In development Mode.","timestamp":"2021-11-07T00:04:47.228Z"}
{"label":"swapi","level":"info","message":"Worker 66020 started","timestamp":"2021-11-07T00:05:59.915Z"}
{"label":"swapi","level":"info","message":"Server Started On Port 3000 In development Mode.","timestamp":"2021-11-07T00:05:59.927Z"}
{"label":"swapi","level":"info","message":"Worker 40020 started","timestamp":"2021-11-07T00:07:50.290Z"}
{"label":"swapi","level":"info","message":"Server Started On Port 3000 In development Mode.","timestamp":"2021-11-07T00:07:50.302Z"}
{"label":"swapi","level":"info","message":"Worker 76928 started","timestamp":"2021-11-07T00:13:43.173Z"}
{"label":"swapi","level":"info","message":"Server Started On Port 3000 In development Mode.","timestamp":"2021-11-07T00:13:43.184Z"}
{"label":"swapi","level":"info","message":"Worker 63960 started","timestamp":"2021-11-07T00:13:46.830Z"}
{"label":"swapi","level":"info","message":"Server Started On Port 3000 In development Mode.","timestamp":"2021-11-07T00:13:46.833Z"}
{"label":"swapi","level":"info","message":"Worker 86228 started","timestamp":"2021-11-07T00:16:59.522Z"}
{"label":"swapi","level":"info","message":"Server Started On Port 3000 In development Mode.","timestamp":"2021-11-07T00:16:59.532Z"}
{"label":"swapi","level":"info","message":"Worker 87960 started","timestamp":"2021-11-07T00:25:55.439Z"}
{"label":"swapi","level":"info","message":"Server Started On Port 3000 In development Mode.","timestamp":"2021-11-07T00:25:55.453Z"}
{"label":"swapi","level":"info","message":"Worker 44592 started","timestamp":"2021-11-07T00:32:25.271Z"}
{"label":"swapi","level":"info","message":"Server Started On Port 3000 In development Mode.","timestamp":"2021-11-07T00:32:25.287Z"}
{"label":"swapi","level":"info","message":"Worker 17552 started","timestamp":"2021-11-07T00:33:18.511Z"}
{"label":"swapi","level":"info","message":"Server Started On Port 3000 In development Mode.","timestamp":"2021-11-07T00:33:18.523Z"}
{"label":"swapi","level":"info","message":"Worker 84032 started","timestamp":"2021-11-07T00:33:26.225Z"}
{"label":"swapi","level":"info","message":"Server Started On Port 3000 In development Mode.","timestamp":"2021-11-07T00:33:26.237Z"}
{"label":"swapi","level":"info","message":"Worker 71308 started","timestamp":"2021-11-07T00:33:54.899Z"}
{"label":"swapi","level":"info","message":"Server Started On Port 3000 In development Mode.","timestamp":"2021-11-07T00:33:54.912Z"}
{"label":"swapi","level":"info","message":"Worker 93600 started","timestamp":"2021-11-07T00:38:35.557Z"}
{"label":"swapi","level":"info","message":"Server Started On Port 3000 In development Mode.","timestamp":"2021-11-07T00:38:35.568Z"}
{"label":"swapi","level":"info","message":"Worker 87232 started","timestamp":"2021-11-07T00:42:29.631Z"}
{"label":"swapi","level":"info","message":"Server Started On Port 3000 In development Mode.","timestamp":"2021-11-07T00:42:29.642Z"}
{"label":"swapi","level":"info","message":"Worker 94100 started","timestamp":"2021-11-07T00:43:58.876Z"}
{"label":"swapi","level":"info","message":"Server Started On Port 3000 In development Mode.","timestamp":"2021-11-07T00:43:58.888Z"}
{"label":"swapi","level":"info","message":"Worker 86556 started","timestamp":"2021-11-07T00:44:05.070Z"}
{"label":"swapi","level":"info","message":"Server Started On Port 3000 In development Mode.","timestamp":"2021-11-07T00:44:05.083Z"}
{"label":"swapi","level":"info","message":"Worker 53572 started","timestamp":"2021-11-07T00:44:19.706Z"}
{"label":"swapi","level":"info","message":"Server Started On Port 3000 In development Mode.","timestamp":"2021-11-07T00:44:19.718Z"}
{"label":"swapi","level":"info","message":"Worker 72860 started","timestamp":"2021-11-07T00:44:30.311Z"}
{"label":"swapi","level":"info","message":"Server Started On Port 3000 In development Mode.","timestamp":"2021-11-07T00:44:30.321Z"}
{"label":"swapi","level":"info","message":"Worker 86648 started","timestamp":"2021-11-07T00:45:53.075Z"}
{"label":"swapi","level":"info","message":"Server Started On Port 3000 In development Mode.","timestamp":"2021-11-07T00:45:53.086Z"}
{"label":"swapi","level":"info","message":"Worker 74068 started","timestamp":"2021-11-07T00:46:35.750Z"}
{"label":"swapi","level":"info","message":"Server Started On Port 3000 In development Mode.","timestamp":"2021-11-07T00:46:35.762Z"}
{"label":"swapi","level":"info","message":"Worker 53584 started","timestamp":"2021-11-07T00:47:46.157Z"}
{"label":"swapi","level":"info","message":"Server Started On Port 3000 In development Mode.","timestamp":"2021-11-07T00:47:46.168Z"}
{"label":"swapi","level":"info","message":"Worker 64608 started","timestamp":"2021-11-07T00:48:56.729Z"}
{"label":"swapi","level":"info","message":"Server Started On Port 3000 In development Mode.","timestamp":"2021-11-07T00:48:56.741Z"}
{"label":"swapi","level":"info","message":"Worker 89376 started","timestamp":"2021-11-07T00:49:01.495Z"}
{"label":"swapi","level":"info","message":"Server Started On Port 3000 In development Mode.","timestamp":"2021-11-07T00:49:01.507Z"}
{"label":"swapi","level":"info","message":"Worker 15776 started","timestamp":"2021-11-07T00:49:11.020Z"}
{"label":"swapi","level":"info","message":"Server Started On Port 3000 In development Mode.","timestamp":"2021-11-07T00:49:11.035Z"}
{"label":"swapi","level":"info","message":"Worker 87452 started","timestamp":"2021-11-07T00:49:19.511Z"}
{"label":"swapi","level":"info","message":"Server Started On Port 3000 In development Mode.","timestamp":"2021-11-07T00:49:19.523Z"}
{"label":"swapi","level":"info","message":"Worker 61896 started","timestamp":"2021-11-07T00:56:41.095Z"}
{"label":"swapi","level":"info","message":"Server Started On Port 3000 In development Mode.","timestamp":"2021-11-07T00:56:41.110Z"}
{"label":"swapi","level":"info","message":"Worker 22864 started","timestamp":"2021-11-07T00:56:53.254Z"}
{"label":"swapi","level":"info","message":"Server Started On Port 3000 In development Mode.","timestamp":"2021-11-07T00:56:53.265Z"}
{"label":"swapi","level":"info","message":"Worker 82744 started","timestamp":"2021-11-07T00:57:09.364Z"}
{"label":"swapi","level":"info","message":"Server Started On Port 3000 In development Mode.","timestamp":"2021-11-07T00:57:09.376Z"}
{"label":"swapi","level":"info","message":"Worker 68544 started","timestamp":"2021-11-07T00:57:22.666Z"}
{"label":"swapi","level":"info","message":"Server Started On Port 3000 In development Mode.","timestamp":"2021-11-07T00:57:22.680Z"}
{"label":"swapi","level":"info","message":"Worker 41696 started","timestamp":"2021-11-07T00:57:32.859Z"}
{"label":"swapi","level":"info","message":"Server Started On Port 3000 In development Mode.","timestamp":"2021-11-07T00:57:32.871Z"}
{"label":"swapi","level":"info","message":"Worker 86500 started","timestamp":"2021-11-07T00:58:46.431Z"}
{"label":"swapi","level":"info","message":"Server Started On Port 3000 In development Mode.","timestamp":"2021-11-07T00:58:46.443Z"}
{"label":"swapi","level":"info","message":"Worker 58428 started","timestamp":"2021-11-07T00:59:12.494Z"}
{"label":"swapi","level":"info","message":"Server Started On Port 3000 In development Mode.","timestamp":"2021-11-07T00:59:12.507Z"}
{"label":"swapi","level":"info","message":"Worker 81984 started","timestamp":"2021-11-07T00:59:21.853Z"}
{"label":"swapi","level":"info","message":"Server Started On Port 3000 In development Mode.","timestamp":"2021-11-07T00:59:21.865Z"}
{"label":"swapi","level":"info","message":"Worker 90728 started","timestamp":"2021-11-07T00:59:31.461Z"}
{"label":"swapi","level":"info","message":"Server Started On Port 3000 In development Mode.","timestamp":"2021-11-07T00:59:31.477Z"}
{"label":"swapi","level":"info","message":"Worker 53104 started","timestamp":"2021-11-07T01:26:27.586Z"}
{"label":"swapi","level":"info","message":"Server Started On Port 3000 In development Mode.","timestamp":"2021-11-07T01:26:27.597Z"}
{"label":"swapi","level":"info","message":"Worker 58228 started","timestamp":"2021-11-07T07:12:45.830Z"}
{"label":"swapi","level":"info","message":"Server Started On Port 3000 In development Mode.","timestamp":"2021-11-07T07:12:45.835Z"}
{"label":"swapi","level":"info","message":"Worker 87956 started","timestamp":"2021-11-07T07:41:52.222Z"}
{"label":"swapi","level":"info","message":"Server Started On Port 3000 In development Mode.","timestamp":"2021-11-07T07:41:52.271Z"}
{"label":"swapi","level":"info","message":"Worker 87084 started","timestamp":"2021-11-07T07:43:25.567Z"}
{"label":"swapi","level":"info","message":"Server Started On Port 3000 In development Mode.","timestamp":"2021-11-07T07:43:25.590Z"}
{"label":"swapi","level":"info","message":"Worker 86096 started","timestamp":"2021-11-07T07:44:08.293Z"}
{"label":"swapi","level":"info","message":"Server Started On Port 3000 In development Mode.","timestamp":"2021-11-07T07:44:08.316Z"}
{"label":"swapi","level":"info","message":"Worker 50280 started","timestamp":"2021-11-07T07:45:31.054Z"}
{"label":"swapi","level":"info","message":"Server Started On Port 3000 In development Mode.","timestamp":"2021-11-07T07:45:31.077Z"}
{"label":"swapi","level":"info","message":"Worker 77288 started","timestamp":"2021-11-07T07:45:48.665Z"}
{"label":"swapi","level":"info","message":"Server Started On Port 3000 In development Mode.","timestamp":"2021-11-07T07:45:48.682Z"}
{"label":"swapi","level":"info","message":"Worker 16712 started","timestamp":"2021-11-07T07:46:21.320Z"}
{"label":"swapi","level":"info","message":"Server Started On Port 3000 In development Mode.","timestamp":"2021-11-07T07:46:21.343Z"}
{"label":"swapi","level":"info","message":"Worker 56116 started","timestamp":"2021-11-07T07:50:13.910Z"}
{"label":"swapi","level":"info","message":"Server Started On Port 3000 In development Mode.","timestamp":"2021-11-07T07:50:13.931Z"}
{"label":"swapi","level":"info","message":"Worker 59036 started","timestamp":"2021-11-07T07:51:24.870Z"}
{"label":"swapi","level":"info","message":"Server Started On Port 3000 In development Mode.","timestamp":"2021-11-07T07:51:24.894Z"}
{"label":"swapi","level":"info","message":"Worker 3916 started","timestamp":"2021-11-07T08:10:16.505Z"}
{"label":"swapi","level":"info","message":"Server Started On Port 3000 In development Mode.","timestamp":"2021-11-07T08:10:16.530Z"}
{"label":"swapi","level":"info","message":"Worker 50640 started","timestamp":"2021-11-07T08:11:20.893Z"}
{"label":"swapi","level":"info","message":"Server Started On Port 3000 In development Mode.","timestamp":"2021-11-07T08:11:20.912Z"}
{"label":"swapi","level":"info","message":"Worker 43060 started","timestamp":"2021-11-07T08:12:39.701Z"}
{"label":"swapi","level":"info","message":"Server Started On Port 3000 In development Mode.","timestamp":"2021-11-07T08:12:39.729Z"}
{"label":"swapi","level":"info","message":"Worker 86368 started","timestamp":"2021-11-07T08:18:44.169Z"}
{"label":"swapi","level":"info","message":"Server Started On Port 3000 In development Mode.","timestamp":"2021-11-07T08:18:44.192Z"}
{"label":"swapi","level":"info","message":"Worker 69308 started","timestamp":"2021-11-07T08:20:23.157Z"}
{"label":"swapi","level":"info","message":"Server Started On Port 3000 In development Mode.","timestamp":"2021-11-07T08:20:23.181Z"}
{"label":"swapi","level":"info","message":"Worker 95084 started","timestamp":"2021-11-07T08:20:35.170Z"}
{"label":"swapi","level":"info","message":"Server Started On Port 3000 In development Mode.","timestamp":"2021-11-07T08:20:35.192Z"}
{"label":"swapi","level":"info","message":"Worker 5912 started","timestamp":"2021-11-07T08:20:41.323Z"}
{"label":"swapi","level":"info","message":"Server Started On Port 3000 In development Mode.","timestamp":"2021-11-07T08:20:41.343Z"}
{"label":"swapi","level":"info","message":"Worker 77096 started","timestamp":"2021-11-07T08:20:47.485Z"}
{"label":"swapi","level":"info","message":"Server Started On Port 3000 In development Mode.","timestamp":"2021-11-07T08:20:47.491Z"}
{"label":"swapi","level":"info","message":"Worker 80992 started","timestamp":"2021-11-07T08:21:37.328Z"}
{"label":"swapi","level":"info","message":"Server Started On Port 3000 In development Mode.","timestamp":"2021-11-07T08:21:37.346Z"}
{"label":"swapi","level":"info","message":"Worker 83620 started","timestamp":"2021-11-07T08:21:45.643Z"}
{"label":"swapi","level":"info","message":"Server Started On Port 3000 In development Mode.","timestamp":"2021-11-07T08:21:45.675Z"}
{"label":"swapi","level":"info","message":"Worker 63136 started","timestamp":"2021-11-07T08:22:17.881Z"}
{"label":"swapi","level":"info","message":"Server Started On Port 3000 In development Mode.","timestamp":"2021-11-07T08:22:17.897Z"}
{"label":"swapi","level":"info","message":"Worker 90512 started","timestamp":"2021-11-07T08:22:26.928Z"}
{"label":"swapi","level":"info","message":"Server Started On Port 3000 In development Mode.","timestamp":"2021-11-07T08:22:26.949Z"}
{"label":"swapi","level":"info","message":"Worker 80420 started","timestamp":"2021-11-07T08:24:03.648Z"}
{"label":"swapi","level":"info","message":"Server Started On Port 3000 In development Mode.","timestamp":"2021-11-07T08:24:03.666Z"}
{"label":"swapi","level":"info","message":"Worker 94520 started","timestamp":"2021-11-07T08:24:09.158Z"}
{"label":"swapi","level":"info","message":"Server Started On Port 3000 In development Mode.","timestamp":"2021-11-07T08:24:09.162Z"}
{"label":"swapi","level":"info","message":"Worker 94764 started","timestamp":"2021-11-07T08:24:54.170Z"}
{"label":"swapi","level":"info","message":"Server Started On Port 3000 In development Mode.","timestamp":"2021-11-07T08:24:54.187Z"}
{"label":"swapi","level":"info","message":"Worker 91864 started","timestamp":"2021-11-07T08:25:08.763Z"}
{"label":"swapi","level":"info","message":"Server Started On Port 3000 In development Mode.","timestamp":"2021-11-07T08:25:08.778Z"}
{"label":"swapi","level":"info","message":"Worker 84532 started","timestamp":"2021-11-07T08:25:44.028Z"}
{"label":"swapi","level":"info","message":"Server Started On Port 3000 In development Mode.","timestamp":"2021-11-07T08:25:44.058Z"}
{"label":"swapi","level":"info","message":"Worker 60500 started","timestamp":"2021-11-07T08:26:10.954Z"}
{"label":"swapi","level":"info","message":"Server Started On Port 3000 In development Mode.","timestamp":"2021-11-07T08:26:10.976Z"}
{"label":"swapi","level":"info","message":"Worker 86604 started","timestamp":"2021-11-07T08:27:15.093Z"}
{"label":"swapi","level":"info","message":"Server Started On Port 3000 In development Mode.","timestamp":"2021-11-07T08:27:15.115Z"}
{"label":"swapi","level":"info","message":"Worker 16872 started","timestamp":"2021-11-07T08:38:52.086Z"}
{"label":"swapi","level":"info","message":"Server Started On Port 3000 In development Mode.","timestamp":"2021-11-07T08:38:52.107Z"}
{"label":"swapi","level":"info","message":"Worker 50536 started","timestamp":"2021-11-07T08:39:04.003Z"}
{"label":"swapi","level":"info","message":"Server Started On Port 3000 In development Mode.","timestamp":"2021-11-07T08:39:04.038Z"}
{"label":"swapi","level":"info","message":"Worker 91184 started","timestamp":"2021-11-07T08:40:14.744Z"}
{"label":"swapi","level":"info","message":"Server Started On Port 3000 In development Mode.","timestamp":"2021-11-07T08:40:14.758Z"}
{"label":"swapi","level":"info","message":"Worker 38896 started","timestamp":"2021-11-07T08:50:25.992Z"}
{"label":"swapi","level":"info","message":"Server Started On Port 3000 In development Mode.","timestamp":"2021-11-07T08:50:26.012Z"}
{"label":"swapi","level":"info","message":"Worker 1380 started","timestamp":"2021-11-07T08:50:42.096Z"}
{"label":"swapi","level":"info","message":"Server Started On Port 3000 In development Mode.","timestamp":"2021-11-07T08:50:42.135Z"}
{"label":"swapi","level":"info","message":"Worker 89116 started","timestamp":"2021-11-07T08:51:07.215Z"}
{"label":"swapi","level":"info","message":"Server Started On Port 3000 In development Mode.","timestamp":"2021-11-07T08:51:07.260Z"}
{"label":"swapi","level":"info","message":"Worker 79264 started","timestamp":"2021-11-07T08:51:21.185Z"}
{"label":"swapi","level":"info","message":"Server Started On Port 3000 In development Mode.","timestamp":"2021-11-07T08:51:21.224Z"}
{"label":"swapi","level":"info","message":"Worker 60004 started","timestamp":"2021-11-07T08:51:39.065Z"}
{"label":"swapi","level":"info","message":"Server Started On Port 3000 In development Mode.","timestamp":"2021-11-07T08:51:39.080Z"}
{"label":"swapi","level":"info","message":"Worker 92680 started","timestamp":"2021-11-07T08:52:45.311Z"}
{"label":"swapi","level":"info","message":"Server Started On Port 3000 In development Mode.","timestamp":"2021-11-07T08:52:45.326Z"}
{"label":"swapi","level":"info","message":"Worker 75568 started","timestamp":"2021-11-07T08:54:33.290Z"}
{"label":"swapi","level":"info","message":"Server Started On Port 3000 In development Mode.","timestamp":"2021-11-07T08:54:33.319Z"}
{"label":"swapi","level":"info","message":"Worker 51808 started","timestamp":"2021-11-07T08:56:42.569Z"}
{"label":"swapi","level":"info","message":"Server Started On Port 3000 In development Mode.","timestamp":"2021-11-07T08:56:42.599Z"}
{"label":"swapi","level":"info","message":"Worker 57852 started","timestamp":"2021-11-07T08:57:05.828Z"}
{"label":"swapi","level":"info","message":"Server Started On Port 3000 In development Mode.","timestamp":"2021-11-07T08:57:05.844Z"}
{"label":"swapi","level":"info","message":"Worker 71660 started","timestamp":"2021-11-07T08:57:15.493Z"}
{"label":"swapi","level":"info","message":"Server Started On Port 3000 In development Mode.","timestamp":"2021-11-07T08:57:15.522Z"}
{"label":"swapi","level":"info","message":"Worker 84860 started","timestamp":"2021-11-07T08:58:10.049Z"}
{"label":"swapi","level":"info","message":"Server Started On Port 3000 In development Mode.","timestamp":"2021-11-07T08:58:10.079Z"}
{"label":"swapi","level":"info","message":"Worker 24228 started","timestamp":"2021-11-07T08:58:18.003Z"}
{"label":"swapi","level":"info","message":"Server Started On Port 3000 In development Mode.","timestamp":"2021-11-07T08:58:18.028Z"}
{"label":"swapi","level":"info","message":"Worker 96692 started","timestamp":"2021-11-07T08:59:21.458Z"}
{"label":"swapi","level":"info","message":"Server Started On Port 3000 In development Mode.","timestamp":"2021-11-07T08:59:21.473Z"}
{"label":"swapi","level":"info","message":"Worker 3088 started","timestamp":"2021-11-07T08:59:45.800Z"}
{"label":"swapi","level":"info","message":"Server Started On Port 3000 In development Mode.","timestamp":"2021-11-07T08:59:45.817Z"}
{"label":"swapi","level":"info","message":"Worker 53572 started","timestamp":"2021-11-07T08:59:58.185Z"}
{"label":"swapi","level":"info","message":"Server Started On Port 3000 In development Mode.","timestamp":"2021-11-07T08:59:58.212Z"}
{"label":"swapi","level":"info","message":"Worker 70316 started","timestamp":"2021-11-07T09:00:38.714Z"}
{"label":"swapi","level":"info","message":"Server Started On Port 3000 In development Mode.","timestamp":"2021-11-07T09:00:38.746Z"}
{"label":"swapi","level":"info","message":"Worker 85216 started","timestamp":"2021-11-07T09:01:18.431Z"}
{"label":"swapi","level":"info","message":"Server Started On Port 3000 In development Mode.","timestamp":"2021-11-07T09:01:18.457Z"}
{"label":"swapi","level":"info","message":"Worker 75900 started","timestamp":"2021-11-07T09:03:57.840Z"}
{"label":"swapi","level":"info","message":"Server Started On Port 3000 In development Mode.","timestamp":"2021-11-07T09:03:57.865Z"}
{"label":"swapi","level":"info","message":"Worker 50956 started","timestamp":"2021-11-07T09:04:14.035Z"}
{"label":"swapi","level":"info","message":"Server Started On Port 3000 In development Mode.","timestamp":"2021-11-07T09:04:14.070Z"}
{"label":"swapi","level":"info","message":"Worker 83716 started","timestamp":"2021-11-07T09:05:13.600Z"}
{"label":"swapi","level":"info","message":"Server Started On Port 3000 In development Mode.","timestamp":"2021-11-07T09:05:13.621Z"}
{"label":"swapi","level":"info","message":"Worker 36404 started","timestamp":"2021-11-07T09:05:53.361Z"}
{"label":"swapi","level":"info","message":"Server Started On Port 3000 In development Mode.","timestamp":"2021-11-07T09:05:53.379Z"}
{"label":"swapi","level":"info","message":"Worker 85912 started","timestamp":"2021-11-07T09:08:20.178Z"}
{"label":"swapi","level":"info","message":"Server Started On Port 3000 In development Mode.","timestamp":"2021-11-07T09:08:20.210Z"}
{"label":"swapi","level":"info","message":"Worker 78132 started","timestamp":"2021-11-07T09:08:58.430Z"}
{"label":"swapi","level":"info","message":"Server Started On Port 3000 In development Mode.","timestamp":"2021-11-07T09:08:58.445Z"}
{"label":"swapi","level":"info","message":"Worker 48828 started","timestamp":"2021-11-07T09:09:05.764Z"}
{"label":"swapi","level":"info","message":"Server Started On Port 3000 In development Mode.","timestamp":"2021-11-07T09:09:05.779Z"}
{"label":"swapi","level":"info","message":"Worker 28884 started","timestamp":"2021-11-07T09:10:28.882Z"}
{"label":"swapi","level":"info","message":"Server Started On Port 3000 In development Mode.","timestamp":"2021-11-07T09:10:28.893Z"}
{"label":"swapi","level":"info","message":"Worker 25008 started","timestamp":"2021-11-07T09:10:34.903Z"}
{"label":"swapi","level":"info","message":"Server Started On Port 3000 In development Mode.","timestamp":"2021-11-07T09:10:34.914Z"}
{"label":"swapi","level":"info","message":"Worker 43600 started","timestamp":"2021-11-07T09:10:56.669Z"}
{"label":"swapi","level":"info","message":"Server Started On Port 3000 In development Mode.","timestamp":"2021-11-07T09:10:56.682Z"}
{"label":"swapi","level":"info","message":"Worker 85616 started","timestamp":"2021-11-07T09:11:00.949Z"}
{"label":"swapi","level":"info","message":"Server Started On Port 3000 In development Mode.","timestamp":"2021-11-07T09:11:00.961Z"}
{"label":"swapi","level":"info","message":"Worker 4324 started","timestamp":"2021-11-07T09:11:25.832Z"}
{"label":"swapi","level":"info","message":"Server Started On Port 3000 In development Mode.","timestamp":"2021-11-07T09:11:25.843Z"}
{"label":"swapi","level":"info","message":"Worker 3916 started","timestamp":"2021-11-07T09:17:26.857Z"}
{"label":"swapi","level":"info","message":"Server Started On Port 3000 In development Mode.","timestamp":"2021-11-07T09:17:26.869Z"}
{"label":"swapi","level":"info","message":"Worker 78412 started","timestamp":"2021-11-07T09:29:29.171Z"}
{"label":"swapi","level":"info","message":"Server Started On Port 3000 In development Mode.","timestamp":"2021-11-07T09:29:29.189Z"}
{"label":"swapi","level":"info","message":"Worker 73932 started","timestamp":"2021-11-07T09:29:59.123Z"}
{"label":"swapi","level":"info","message":"Server Started On Port 3000 In development Mode.","timestamp":"2021-11-07T09:29:59.137Z"}
{"label":"swapi","level":"info","message":"Worker 67404 started","timestamp":"2021-11-07T09:30:04.562Z"}
{"label":"swapi","level":"info","message":"Server Started On Port 3000 In development Mode.","timestamp":"2021-11-07T09:30:04.578Z"}
{"label":"swapi","level":"info","message":"Worker 92240 started","timestamp":"2021-11-07T09:30:11.171Z"}
{"label":"swapi","level":"info","message":"Server Started On Port 3000 In development Mode.","timestamp":"2021-11-07T09:30:11.184Z"}
{"label":"swapi","level":"info","message":"Worker 97048 started","timestamp":"2021-11-07T09:30:32.390Z"}
{"label":"swapi","level":"info","message":"Server Started On Port 3000 In development Mode.","timestamp":"2021-11-07T09:30:32.402Z"}
{"label":"swapi","level":"info","message":"Worker 96100 started","timestamp":"2021-11-07T09:30:48.972Z"}
{"label":"swapi","level":"info","message":"Server Started On Port 3000 In development Mode.","timestamp":"2021-11-07T09:30:48.987Z"}
{"label":"swapi","level":"info","message":"Worker 48692 started","timestamp":"2021-11-07T09:30:54.726Z"}
{"label":"swapi","level":"info","message":"Server Started On Port 3000 In development Mode.","timestamp":"2021-11-07T09:30:54.738Z"}
{"label":"swapi","level":"info","message":"Worker 83280 started","timestamp":"2021-11-07T09:31:10.904Z"}
{"label":"swapi","level":"info","message":"Server Started On Port 3000 In development Mode.","timestamp":"2021-11-07T09:31:10.918Z"}
{"label":"swapi","level":"info","message":"Worker 70300 started","timestamp":"2021-11-07T09:34:55.346Z"}
{"label":"swapi","level":"info","message":"Server Started On Port 3000 In development Mode.","timestamp":"2021-11-07T09:34:55.359Z"}
{"label":"swapi","level":"info","message":"Worker 96120 started","timestamp":"2021-11-07T09:35:37.893Z"}
{"label":"swapi","level":"info","message":"Server Started On Port 3000 In development Mode.","timestamp":"2021-11-07T09:35:37.911Z"}
{"label":"swapi","level":"info","message":"Worker 91556 started","timestamp":"2021-11-07T09:35:47.483Z"}
{"label":"swapi","level":"info","message":"Server Started On Port 3000 In development Mode.","timestamp":"2021-11-07T09:35:47.497Z"}
{"label":"swapi","level":"info","message":"Worker 82320 started","timestamp":"2021-11-07T09:43:12.707Z"}
{"label":"swapi","level":"info","message":"Server Started On Port 3000 In development Mode.","timestamp":"2021-11-07T09:43:12.725Z"}
{"label":"swapi","level":"info","message":"Worker 82280 started","timestamp":"2021-11-07T09:43:19.196Z"}
{"label":"swapi","level":"info","message":"Server Started On Port 3000 In development Mode.","timestamp":"2021-11-07T09:43:19.209Z"}
{"label":"swapi","level":"info","message":"Worker 60436 started","timestamp":"2021-11-07T09:43:32.517Z"}
{"label":"swapi","level":"info","message":"Server Started On Port 3000 In development Mode.","timestamp":"2021-11-07T09:43:32.532Z"}
{"label":"swapi","level":"info","message":"Worker 96968 started","timestamp":"2021-11-07T09:44:32.458Z"}
{"label":"swapi","level":"info","message":"Server Started On Port 3000 In development Mode.","timestamp":"2021-11-07T09:44:32.470Z"}
{"label":"swapi","level":"info","message":"Worker 44152 started","timestamp":"2021-11-07T09:44:46.815Z"}
{"label":"swapi","level":"info","message":"Server Started On Port 3000 In development Mode.","timestamp":"2021-11-07T09:44:46.827Z"}
{"label":"swapi","level":"info","message":"Worker 90352 started","timestamp":"2021-11-07T09:45:14.204Z"}
{"label":"swapi","level":"info","message":"Server Started On Port 3000 In development Mode.","timestamp":"2021-11-07T09:45:14.216Z"}
{"label":"swapi","level":"info","message":"Worker 41628 started","timestamp":"2021-11-07T09:45:17.599Z"}
{"label":"swapi","level":"info","message":"Server Started On Port 3000 In development Mode.","timestamp":"2021-11-07T09:45:17.603Z"}
{"label":"swapi","level":"info","message":"Worker 72648 started","timestamp":"2021-11-07T09:45:29.667Z"}
{"label":"swapi","level":"info","message":"Server Started On Port 3000 In development Mode.","timestamp":"2021-11-07T09:45:29.678Z"}
{"label":"swapi","level":"info","message":"Worker 87856 started","timestamp":"2021-11-07T09:47:10.429Z"}
{"label":"swapi","level":"info","message":"Server Started On Port 3000 In development Mode.","timestamp":"2021-11-07T09:47:10.442Z"}
{"label":"swapi","level":"info","message":"Worker 83708 started","timestamp":"2021-11-07T09:47:18.515Z"}
{"label":"swapi","level":"info","message":"Server Started On Port 3000 In development Mode.","timestamp":"2021-11-07T09:47:18.531Z"}
{"label":"swapi","level":"info","message":"Worker 28884 started","timestamp":"2021-11-07T09:47:27.036Z"}
{"label":"swapi","level":"info","message":"Server Started On Port 3000 In development Mode.","timestamp":"2021-11-07T09:47:27.051Z"}
{"label":"swapi","level":"info","message":"Worker 66636 started","timestamp":"2021-11-07T09:48:36.016Z"}
{"label":"swapi","level":"info","message":"Server Started On Port 3000 In development Mode.","timestamp":"2021-11-07T09:48:36.027Z"}
{"label":"swapi","level":"info","message":"Worker 71604 started","timestamp":"2021-11-07T09:49:05.871Z"}
{"label":"swapi","level":"info","message":"Server Started On Port 3000 In development Mode.","timestamp":"2021-11-07T09:49:05.884Z"}
{"label":"swapi","level":"info","message":"Worker 85472 started","timestamp":"2021-11-07T10:04:49.223Z"}
{"label":"swapi","level":"info","message":"Server Started On Port 3000 In development Mode.","timestamp":"2021-11-07T10:04:49.236Z"}
{"label":"swapi","level":"info","message":"Worker 99652 started","timestamp":"2021-11-07T14:18:44.279Z"}
{"label":"swapi","level":"info","message":"Server Started On Port 3000 In development Mode.","timestamp":"2021-11-07T14:18:44.283Z"}
{"label":"swapi","level":"info","message":"Worker 77160 started","timestamp":"2021-11-07T14:20:06.841Z"}
{"label":"swapi","level":"info","message":"Server Started On Port 3000 In development Mode.","timestamp":"2021-11-07T14:20:06.859Z"}
{"label":"swapi","level":"info","message":"Worker 84432 started","timestamp":"2021-11-07T14:20:09.615Z"}
{"label":"swapi","level":"info","message":"Server Started On Port 3000 In development Mode.","timestamp":"2021-11-07T14:20:09.617Z"}
{"label":"swapi","level":"info","message":"Worker 64264 started","timestamp":"2021-11-07T15:04:21.896Z"}
{"label":"swapi","level":"info","message":"Server Started On Port 3000 In development Mode.","timestamp":"2021-11-07T15:04:21.901Z"}
{"label":"swapi","level":"info","message":"Worker 102472 started","timestamp":"2021-11-07T15:18:32.661Z"}
{"label":"swapi","level":"info","message":"Server Started On Port 3000 In development Mode.","timestamp":"2021-11-07T15:18:32.673Z"}
{"label":"swapi","level":"info","message":"Worker 106160 started","timestamp":"2021-11-07T15:28:00.457Z"}
{"label":"swapi","level":"info","message":"Server Started On Port 3000 In development Mode.","timestamp":"2021-11-07T15:28:00.468Z"}
{"label":"swapi","level":"info","message":"Worker 81356 started","timestamp":"2021-11-07T15:51:43.311Z"}
{"label":"swapi","level":"info","message":"Server Started On Port 3000 In development Mode.","timestamp":"2021-11-07T15:51:43.334Z"}
{"label":"swapi","level":"info","message":"Worker 112124 started","timestamp":"2021-11-07T20:13:09.803Z"}
{"label":"swapi","level":"info","message":"Server Started On Port 3000 In development Mode.","timestamp":"2021-11-07T20:13:09.805Z"}
{"label":"swapi","level":"info","message":"Worker 82536 started","timestamp":"2021-11-07T20:14:33.554Z"}
{"label":"swapi","level":"info","message":"Server Started On Port 3000 In development Mode.","timestamp":"2021-11-07T20:14:33.556Z"}
{"label":"swapi","level":"info","message":"Worker 41500 started","timestamp":"2021-11-07T20:23:43.551Z"}
{"label":"swapi","level":"info","message":"Server Started On Port 3000 In development Mode.","timestamp":"2021-11-07T20:23:43.553Z"}
{"label":"swapi","level":"info","message":"Worker 106516 started","timestamp":"2021-11-07T20:26:05.252Z"}
{"label":"swapi","level":"info","message":"Server Started On Port 3000 In development Mode.","timestamp":"2021-11-07T20:26:05.265Z"}
{"label":"swapi","level":"info","message":"Worker 112044 started","timestamp":"2021-11-07T20:31:49.106Z"}
{"label":"swapi","level":"info","message":"Server Started On Port 3000 In development Mode.","timestamp":"2021-11-07T20:31:49.118Z"}
{"label":"swapi","level":"info","message":"Worker 106700 started","timestamp":"2021-11-07T20:33:22.441Z"}
{"label":"swapi","level":"info","message":"Server Started On Port 3000 In development Mode.","timestamp":"2021-11-07T20:33:22.454Z"}
{"label":"swapi","level":"info","message":"Worker 110696 started","timestamp":"2021-11-07T20:33:27.646Z"}
{"label":"swapi","level":"info","message":"Server Started On Port 3000 In development Mode.","timestamp":"2021-11-07T20:33:27.659Z"}
{"label":"swapi","level":"info","message":"Worker 98568 started","timestamp":"2021-11-07T20:33:36.380Z"}
{"label":"swapi","level":"info","message":"Server Started On Port 3000 In development Mode.","timestamp":"2021-11-07T20:33:36.392Z"}
{"label":"swapi","level":"info","message":"Worker 110504 started","timestamp":"2021-11-07T20:33:39.587Z"}
{"label":"swapi","level":"info","message":"Server Started On Port 3000 In development Mode.","timestamp":"2021-11-07T20:33:39.589Z"}
{"label":"swapi","level":"info","message":"Worker 105340 started","timestamp":"2021-11-07T20:33:47.018Z"}
{"label":"swapi","level":"info","message":"Server Started On Port 3000 In development Mode.","timestamp":"2021-11-07T20:33:47.030Z"}
{"label":"swapi","level":"info","message":"Worker 109300 started","timestamp":"2021-11-07T20:38:49.514Z"}
{"label":"swapi","level":"info","message":"Server Started On Port 3000 In development Mode.","timestamp":"2021-11-07T20:38:49.530Z"}
{"label":"swapi","level":"info","message":"Worker 107936 started","timestamp":"2021-11-07T20:38:52.112Z"}
{"label":"swapi","level":"info","message":"Server Started On Port 3000 In development Mode.","timestamp":"2021-11-07T20:38:52.114Z"}
{"label":"swapi","level":"info","message":"Worker 104844 started","timestamp":"2021-11-07T20:39:39.814Z"}
{"label":"swapi","level":"info","message":"Server Started On Port 3000 In development Mode.","timestamp":"2021-11-07T20:39:39.825Z"}
{"label":"swapi","level":"info","message":"Worker 53900 started","timestamp":"2021-11-07T20:39:56.348Z"}
{"label":"swapi","level":"info","message":"Server Started On Port 3000 In development Mode.","timestamp":"2021-11-07T20:39:56.363Z"}
{"label":"swapi","level":"info","message":"Worker 108224 started","timestamp":"2021-11-07T20:40:02.475Z"}
{"label":"swapi","level":"info","message":"Server Started On Port 3000 In development Mode.","timestamp":"2021-11-07T20:40:02.491Z"}
{"label":"swapi","level":"info","message":"Worker 109628 started","timestamp":"2021-11-07T20:40:08.554Z"}
{"label":"swapi","level":"info","message":"Server Started On Port 3000 In development Mode.","timestamp":"2021-11-07T20:40:08.573Z"}
{"label":"swapi","level":"info","message":"Worker 111780 started","timestamp":"2021-11-07T20:40:40.683Z"}
{"label":"swapi","level":"info","message":"Server Started On Port 3000 In development Mode.","timestamp":"2021-11-07T20:40:40.694Z"}
{"label":"swapi","level":"info","message":"Worker 41500 started","timestamp":"2021-11-07T20:41:26.192Z"}
{"label":"swapi","level":"info","message":"Server Started On Port 3000 In development Mode.","timestamp":"2021-11-07T20:41:26.206Z"}
{"label":"swapi","level":"info","message":"Worker 106116 started","timestamp":"2021-11-07T20:41:34.100Z"}
{"label":"swapi","level":"info","message":"Server Started On Port 3000 In development Mode.","timestamp":"2021-11-07T20:41:34.112Z"}
{"label":"swapi","level":"info","message":"Worker 100656 started","timestamp":"2021-11-07T20:42:44.448Z"}
{"label":"swapi","level":"info","message":"Server Started On Port 3000 In development Mode.","timestamp":"2021-11-07T20:42:44.459Z"}
{"label":"swapi","level":"info","message":"Worker 111284 started","timestamp":"2021-11-07T20:45:45.031Z"}
{"label":"swapi","level":"info","message":"Server Started On Port 3000 In development Mode.","timestamp":"2021-11-07T20:45:45.042Z"}
{"label":"swapi","level":"info","message":"Worker 14980 started","timestamp":"2021-11-07T20:47:31.157Z"}
{"label":"swapi","level":"info","message":"Server Started On Port 3000 In development Mode.","timestamp":"2021-11-07T20:47:31.169Z"}
{"label":"swapi","level":"info","message":"Worker 111916 started","timestamp":"2021-11-07T20:47:34.574Z"}
{"label":"swapi","level":"info","message":"Server Started On Port 3000 In development Mode.","timestamp":"2021-11-07T20:47:34.588Z"}
{"label":"swapi","level":"info","message":"Worker 110264 started","timestamp":"2021-11-07T20:47:38.202Z"}
{"label":"swapi","level":"info","message":"Server Started On Port 3000 In development Mode.","timestamp":"2021-11-07T20:47:38.216Z"}
{"label":"swapi","level":"info","message":"Worker 105068 started","timestamp":"2021-11-07T20:47:41.105Z"}
{"label":"swapi","level":"info","message":"Server Started On Port 3000 In development Mode.","timestamp":"2021-11-07T20:47:41.107Z"}
{"label":"swapi","level":"info","message":"Worker 107152 started","timestamp":"2021-11-07T20:55:27.792Z"}
{"label":"swapi","level":"info","message":"Server Started On Port 3000 In development Mode.","timestamp":"2021-11-07T20:55:27.803Z"}
{"label":"swapi","level":"info","message":"Worker 74768 started","timestamp":"2021-11-07T20:55:34.811Z"}
{"label":"swapi","level":"info","message":"Server Started On Port 3000 In development Mode.","timestamp":"2021-11-07T20:55:34.822Z"}
{"label":"swapi","level":"info","message":"Worker 108624 started","timestamp":"2021-11-07T20:56:08.086Z"}
{"label":"swapi","level":"info","message":"Server Started On Port 3000 In development Mode.","timestamp":"2021-11-07T20:56:08.096Z"}
{"label":"swapi","level":"info","message":"Worker 107936 started","timestamp":"2021-11-07T21:09:38.763Z"}
{"label":"swapi","level":"info","message":"Server Started On Port 3000 In development Mode.","timestamp":"2021-11-07T21:09:38.775Z"}
{"label":"swapi","level":"info","message":"Worker 98312 started","timestamp":"2021-11-07T21:09:48.984Z"}
{"label":"swapi","level":"info","message":"Server Started On Port 3000 In development Mode.","timestamp":"2021-11-07T21:09:48.996Z"}
{"label":"swapi","level":"info","message":"Worker 107220 started","timestamp":"2021-11-07T21:09:52.710Z"}
{"label":"swapi","level":"info","message":"Server Started On Port 3000 In development Mode.","timestamp":"2021-11-07T21:09:52.726Z"}
{"label":"swapi","level":"info","message":"Worker 69344 started","timestamp":"2021-11-07T21:10:02.522Z"}
{"label":"swapi","level":"info","message":"Server Started On Port 3000 In development Mode.","timestamp":"2021-11-07T21:10:02.534Z"}
{"label":"swapi","level":"info","message":"Worker 107968 started","timestamp":"2021-11-07T21:19:55.808Z"}
{"label":"swapi","level":"info","message":"Server Started On Port 3000 In development Mode.","timestamp":"2021-11-07T21:19:55.823Z"}
{"label":"swapi","level":"info","message":"Worker 111124 started","timestamp":"2021-11-07T21:20:40.903Z"}
{"label":"swapi","level":"info","message":"Server Started On Port 3000 In development Mode.","timestamp":"2021-11-07T21:20:40.919Z"}
{"label":"swapi","level":"info","message":"Worker 35364 started","timestamp":"2021-11-07T21:20:43.746Z"}
{"label":"swapi","level":"info","message":"Server Started On Port 3000 In development Mode.","timestamp":"2021-11-07T21:20:43.748Z"}
{"label":"swapi","level":"info","message":"Worker 59376 started","timestamp":"2021-11-07T21:22:31.127Z"}
{"label":"swapi","level":"info","message":"Server Started On Port 3000 In development Mode.","timestamp":"2021-11-07T21:22:31.141Z"}
{"label":"swapi","level":"info","message":"Worker 108540 started","timestamp":"2021-11-07T21:22:37.220Z"}
{"label":"swapi","level":"info","message":"Server Started On Port 3000 In development Mode.","timestamp":"2021-11-07T21:22:37.232Z"}
{"label":"swapi","level":"info","message":"Worker 112212 started","timestamp":"2021-11-07T21:22:43.477Z"}
{"label":"swapi","level":"info","message":"Server Started On Port 3000 In development Mode.","timestamp":"2021-11-07T21:22:43.489Z"}
{"label":"swapi","level":"info","message":"Worker 107220 started","timestamp":"2021-11-07T21:22:49.817Z"}
{"label":"swapi","level":"info","message":"Server Started On Port 3000 In development Mode.","timestamp":"2021-11-07T21:22:49.827Z"}
{"label":"swapi","level":"info","message":"Worker 107348 started","timestamp":"2021-11-07T21:23:08.892Z"}
{"label":"swapi","level":"info","message":"Server Started On Port 3000 In development Mode.","timestamp":"2021-11-07T21:23:08.904Z"}
{"label":"swapi","level":"info","message":"Worker 109672 started","timestamp":"2021-11-07T21:24:08.485Z"}
{"label":"swapi","level":"info","message":"Server Started On Port 3000 In development Mode.","timestamp":"2021-11-07T21:24:08.501Z"}
{"label":"swapi","level":"info","message":"Worker 112136 started","timestamp":"2021-11-07T21:24:15.745Z"}
{"label":"swapi","level":"info","message":"Server Started On Port 3000 In development Mode.","timestamp":"2021-11-07T21:24:15.758Z"}
{"label":"swapi","level":"info","message":"Worker 110224 started","timestamp":"2021-11-07T21:24:24.570Z"}
{"label":"swapi","level":"info","message":"Server Started On Port 3000 In development Mode.","timestamp":"2021-11-07T21:24:24.581Z"}
{"label":"swapi","level":"info","message":"Worker 112068 started","timestamp":"2021-11-07T21:25:38.975Z"}
{"label":"swapi","level":"info","message":"Server Started On Port 3000 In development Mode.","timestamp":"2021-11-07T21:25:38.985Z"}
{"label":"swapi","level":"info","message":"Worker 31824 started","timestamp":"2021-11-09T00:56:33.809Z"}
{"label":"swapi","level":"info","message":"Server Started On Port 3000 In development Mode.","timestamp":"2021-11-09T00:56:33.813Z"}
{"label":"swapi","level":"info","message":"Worker 21476 started","timestamp":"2021-11-10T07:50:28.310Z"}
{"label":"swapi","level":"info","message":"Server Started On Port 3000 In development Mode.","timestamp":"2021-11-10T07:50:28.330Z"}
{"label":"swapi","level":"info","message":"Worker 31012 started","timestamp":"2021-11-10T07:50:35.450Z"}
{"label":"swapi","level":"info","message":"Server Started On Port 3000 In development Mode.","timestamp":"2021-11-10T07:50:35.465Z"}
{"label":"swapi","level":"info","message":"Worker 26704 started","timestamp":"2021-11-10T07:50:51.772Z"}
{"label":"swapi","level":"info","message":"Server Started On Port 3000 In development Mode.","timestamp":"2021-11-10T07:50:51.788Z"}
{"label":"swapi","level":"info","message":"Worker 15260 started","timestamp":"2021-11-10T07:51:28.134Z"}
{"label":"swapi","level":"info","message":"Server Started On Port 3000 In development Mode.","timestamp":"2021-11-10T07:51:28.157Z"}
{"label":"swapi","level":"info","message":"Worker 20872 started","timestamp":"2021-11-10T07:51:47.892Z"}
{"label":"swapi","level":"info","message":"Server Started On Port 3000 In development Mode.","timestamp":"2021-11-10T07:51:47.906Z"}
{"label":"swapi","level":"info","message":"Worker 18772 started","timestamp":"2021-11-10T08:09:07.147Z"}
{"label":"swapi","level":"info","message":"Server Started On Port 3000 In development Mode.","timestamp":"2021-11-10T08:09:07.170Z"}
{"label":"swapi","level":"info","message":"Worker 21672 started","timestamp":"2021-11-10T08:09:27.869Z"}
{"label":"swapi","level":"info","message":"Server Started On Port 3000 In development Mode.","timestamp":"2021-11-10T08:09:27.887Z"}
{"label":"swapi","level":"info","message":"Worker 30656 started","timestamp":"2021-11-10T08:09:39.282Z"}
{"label":"swapi","level":"info","message":"Server Started On Port 3000 In development Mode.","timestamp":"2021-11-10T08:09:39.302Z"}
{"label":"swapi","level":"info","message":"Worker 26648 started","timestamp":"2021-11-10T08:09:45.241Z"}
{"label":"swapi","level":"info","message":"Server Started On Port 3000 In development Mode.","timestamp":"2021-11-10T08:09:45.263Z"}
{"label":"swapi","level":"info","message":"Worker 1480 started","timestamp":"2021-11-10T08:11:55.129Z"}
{"label":"swapi","level":"info","message":"Server Started On Port 3000 In development Mode.","timestamp":"2021-11-10T08:11:55.159Z"}
{"label":"swapi","level":"info","message":"Worker 1744 started","timestamp":"2021-11-10T08:22:00.578Z"}
{"label":"swapi","level":"info","message":"Server Started On Port 3000 In development Mode.","timestamp":"2021-11-10T08:22:00.602Z"}
{"label":"swapi","level":"info","message":"Worker 4936 started","timestamp":"2021-11-10T08:22:18.416Z"}
{"label":"swapi","level":"info","message":"Server Started On Port 3000 In development Mode.","timestamp":"2021-11-10T08:22:18.432Z"}
{"label":"swapi","level":"info","message":"Worker 3344 started","timestamp":"2021-11-10T08:22:37.241Z"}
{"label":"swapi","level":"info","message":"Server Started On Port 3000 In development Mode.","timestamp":"2021-11-10T08:22:37.257Z"}
{"label":"swapi","level":"info","message":"Worker 27048 started","timestamp":"2021-11-10T08:22:51.313Z"}
{"label":"swapi","level":"info","message":"Server Started On Port 3000 In development Mode.","timestamp":"2021-11-10T08:22:51.329Z"}
